<?xml version="1.0" encoding="UTF-8"?>
<testng-results ignored="0" total="1" passed="1" failed="0" skipped="0">
  <reporter-output>
  </reporter-output>
  <suite started-at="2023-03-09T09:41:53 EST" name="Default suite" finished-at="2023-03-09T09:42:14 EST" duration-ms="20925">
    <groups>
    </groups>
    <test started-at="2023-03-09T09:41:53 EST" name="Default test" finished-at="2023-03-09T09:42:14 EST" duration-ms="20925">
      <class name="testcases.LoginTestCases">
        <test-method is-config="true" signature="beforeTest()[pri:0, instance:testcases.LoginTestCases@316bcf94]" started-at="2023-03-09T09:41:53 EST" name="beforeTest" finished-at="2023-03-09T09:42:14 EST" duration-ms="20862" status="PASS">
          <reporter-output>
          </reporter-output>
        </test-method> <!-- beforeTest -->
        <test-method signature="loginSuccessfully()[pri:0, instance:testcases.LoginTestCases@316bcf94]" started-at="2023-03-09T09:42:14 EST" name="loginSuccessfully" finished-at="2023-03-09T09:42:14 EST" duration-ms="8" status="PASS">
          <reporter-output>
          </reporter-output>
        </test-method> <!-- loginSuccessfully -->
      </class> <!-- testcases.LoginTestCases -->
    </test> <!-- Default test -->
  </suite> <!-- Default suite -->
</testng-results>
